Thu, 19 Jan 2017 08:52:11 GMT express-session deprecated undefined resave option; provide resave option at dist/server.js:181:38
Thu, 19 Jan 2017 08:52:11 GMT express-session deprecated undefined saveUninitialized option; provide saveUninitialized option at dist/server.js:181:38
(node:2011) DeprecationWarning: Mongoose: mpromise (mongoose's default promise library) is deprecated, plug in your own promise library instead: http://mongoosejs.com/docs/promises.html
[ERROR] CourseSession Service > studentJoinAttendance : Incorrect Code  Euqg
undefined
[ERROR] CourseSession Service > studentJoinAttendance : Incorrect Code  Euqg
undefined
[ERROR] CourseSession Service > studentJoinAttendance : Incorrect Code  Euqg
undefined
[ERROR] in Alert Service > attemptAddAlert : Error: Duplicate Alert
ERROR:  [ERROR] in AlertRouter > addAlert : Error: Duplicate Alert
[ERROR] in Alert Service > attemptAddAlert : Error: Duplicate Alert
ERROR:  [ERROR] in AlertRouter > addAlert : Error: Duplicate Alert
[ERROR] CourseSession Service > studentJoinAttendance : Incorrect Code  Hlx7
undefined
Error: Cannot find module 'winston'
    at Function.Module._resolveFilename (module.js:469:15)
    at Function.Module._load (module.js:417:25)
    at Function._load (/usr/lib/node_modules/pm2/node_modules/pmx/lib/transaction.js:62:21)
    at Module.require (module.js:497:17)
    at require (internal/module.js:20:19)
    at Object.<anonymous> (/home/ec2-user/Backend/src/logger.js:6:1)
    at Module._compile (module.js:570:32)
    at Object.Module._extensions..js (module.js:579:10)
    at Module.load (module.js:487:32)
    at tryModuleLoad (module.js:446:12)
    at Function.Module._load (module.js:438:3)
    at Function._load (/usr/lib/node_modules/pm2/node_modules/pmx/lib/transaction.js:62:21)
    at Module.require (module.js:497:17)
    at require (internal/module.js:20:19)
    at Object.<anonymous> (/home/ec2-user/Backend/src/routers/UserRouter.js:9:1)
    at Module._compile (module.js:570:32)
Error: Cannot find module 'winston'
    at Function.Module._resolveFilename (module.js:469:15)
    at Function.Module._load (module.js:417:25)
    at Function._load (/usr/lib/node_modules/pm2/node_modules/pmx/lib/transaction.js:62:21)
    at Module.require (module.js:497:17)
    at require (internal/module.js:20:19)
    at Object.<anonymous> (/home/ec2-user/Backend/src/logger.js:6:1)
    at Module._compile (module.js:570:32)
    at Object.Module._extensions..js (module.js:579:10)
    at Module.load (module.js:487:32)
    at tryModuleLoad (module.js:446:12)
    at Function.Module._load (module.js:438:3)
    at Function._load (/usr/lib/node_modules/pm2/node_modules/pmx/lib/transaction.js:62:21)
    at Module.require (module.js:497:17)
    at require (internal/module.js:20:19)
    at Object.<anonymous> (/home/ec2-user/Backend/src/routers/UserRouter.js:9:1)
    at Module._compile (module.js:570:32)
Error: Cannot find module 'winston'
    at Function.Module._resolveFilename (module.js:469:15)
    at Function.Module._load (module.js:417:25)
    at Function._load (/usr/lib/node_modules/pm2/node_modules/pmx/lib/transaction.js:62:21)
    at Module.require (module.js:497:17)
    at require (internal/module.js:20:19)
    at Object.<anonymous> (/home/ec2-user/Backend/src/logger.js:6:1)
    at Module._compile (module.js:570:32)
    at Object.Module._extensions..js (module.js:579:10)
    at Module.load (module.js:487:32)
    at tryModuleLoad (module.js:446:12)
    at Function.Module._load (module.js:438:3)
    at Function._load (/usr/lib/node_modules/pm2/node_modules/pmx/lib/transaction.js:62:21)
    at Module.require (module.js:497:17)
    at require (internal/module.js:20:19)
    at Object.<anonymous> (/home/ec2-user/Backend/src/routers/UserRouter.js:9:1)
    at Module._compile (module.js:570:32)
Error: Cannot find module 'winston'
    at Function.Module._resolveFilename (module.js:469:15)
    at Function.Module._load (module.js:417:25)
    at Function._load (/usr/lib/node_modules/pm2/node_modules/pmx/lib/transaction.js:62:21)
    at Module.require (module.js:497:17)
    at require (internal/module.js:20:19)
    at Object.<anonymous> (/home/ec2-user/Backend/src/logger.js:6:1)
    at Module._compile (module.js:570:32)
    at Object.Module._extensions..js (module.js:579:10)
    at Module.load (module.js:487:32)
    at tryModuleLoad (module.js:446:12)
    at Function.Module._load (module.js:438:3)
    at Function._load (/usr/lib/node_modules/pm2/node_modules/pmx/lib/transaction.js:62:21)
    at Module.require (module.js:497:17)
    at require (internal/module.js:20:19)
    at Object.<anonymous> (/home/ec2-user/Backend/src/routers/UserRouter.js:9:1)
    at Module._compile (module.js:570:32)
Error: Cannot find module 'winston'
    at Function.Module._resolveFilename (module.js:469:15)
    at Function.Module._load (module.js:417:25)
    at Function._load (/usr/lib/node_modules/pm2/node_modules/pmx/lib/transaction.js:62:21)
    at Module.require (module.js:497:17)
    at require (internal/module.js:20:19)
    at Object.<anonymous> (/home/ec2-user/Backend/src/logger.js:6:1)
    at Module._compile (module.js:570:32)
    at Object.Module._extensions..js (module.js:579:10)
    at Module.load (module.js:487:32)
    at tryModuleLoad (module.js:446:12)
    at Function.Module._load (module.js:438:3)
    at Function._load (/usr/lib/node_modules/pm2/node_modules/pmx/lib/transaction.js:62:21)
    at Module.require (module.js:497:17)
    at require (internal/module.js:20:19)
    at Object.<anonymous> (/home/ec2-user/Backend/src/routers/UserRouter.js:9:1)
    at Module._compile (module.js:570:32)
Error: Cannot find module 'winston'
    at Function.Module._resolveFilename (module.js:469:15)
    at Function.Module._load (module.js:417:25)
    at Function._load (/usr/lib/node_modules/pm2/node_modules/pmx/lib/transaction.js:62:21)
    at Module.require (module.js:497:17)
    at require (internal/module.js:20:19)
    at Object.<anonymous> (/home/ec2-user/Backend/src/logger.js:6:1)
    at Module._compile (module.js:570:32)
    at Object.Module._extensions..js (module.js:579:10)
    at Module.load (module.js:487:32)
    at tryModuleLoad (module.js:446:12)
    at Function.Module._load (module.js:438:3)
    at Function._load (/usr/lib/node_modules/pm2/node_modules/pmx/lib/transaction.js:62:21)
    at Module.require (module.js:497:17)
    at require (internal/module.js:20:19)
    at Object.<anonymous> (/home/ec2-user/Backend/src/routers/UserRouter.js:9:1)
    at Module._compile (module.js:570:32)
Error: Cannot find module 'winston'
    at Function.Module._resolveFilename (module.js:469:15)
    at Function.Module._load (module.js:417:25)
    at Function._load (/usr/lib/node_modules/pm2/node_modules/pmx/lib/transaction.js:62:21)
    at Module.require (module.js:497:17)
    at require (internal/module.js:20:19)
    at Object.<anonymous> (/home/ec2-user/Backend/src/logger.js:6:1)
    at Module._compile (module.js:570:32)
    at Object.Module._extensions..js (module.js:579:10)
    at Module.load (module.js:487:32)
    at tryModuleLoad (module.js:446:12)
    at Function.Module._load (module.js:438:3)
    at Function._load (/usr/lib/node_modules/pm2/node_modules/pmx/lib/transaction.js:62:21)
    at Module.require (module.js:497:17)
    at require (internal/module.js:20:19)
    at Object.<anonymous> (/home/ec2-user/Backend/src/routers/UserRouter.js:9:1)
    at Module._compile (module.js:570:32)
Error: Cannot find module 'winston'
    at Function.Module._resolveFilename (module.js:469:15)
    at Function.Module._load (module.js:417:25)
    at Function._load (/usr/lib/node_modules/pm2/node_modules/pmx/lib/transaction.js:62:21)
    at Module.require (module.js:497:17)
    at require (internal/module.js:20:19)
    at Object.<anonymous> (/home/ec2-user/Backend/src/logger.js:6:1)
    at Module._compile (module.js:570:32)
    at Object.Module._extensions..js (module.js:579:10)
    at Module.load (module.js:487:32)
    at tryModuleLoad (module.js:446:12)
    at Function.Module._load (module.js:438:3)
    at Function._load (/usr/lib/node_modules/pm2/node_modules/pmx/lib/transaction.js:62:21)
    at Module.require (module.js:497:17)
    at require (internal/module.js:20:19)
    at Object.<anonymous> (/home/ec2-user/Backend/src/routers/UserRouter.js:9:1)
    at Module._compile (module.js:570:32)
Error: Cannot find module 'winston'
    at Function.Module._resolveFilename (module.js:469:15)
    at Function.Module._load (module.js:417:25)
    at Function._load (/usr/lib/node_modules/pm2/node_modules/pmx/lib/transaction.js:62:21)
    at Module.require (module.js:497:17)
    at require (internal/module.js:20:19)
    at Object.<anonymous> (/home/ec2-user/Backend/src/logger.js:6:1)
    at Module._compile (module.js:570:32)
    at Object.Module._extensions..js (module.js:579:10)
    at Module.load (module.js:487:32)
    at tryModuleLoad (module.js:446:12)
    at Function.Module._load (module.js:438:3)
    at Function._load (/usr/lib/node_modules/pm2/node_modules/pmx/lib/transaction.js:62:21)
    at Module.require (module.js:497:17)
    at require (internal/module.js:20:19)
    at Object.<anonymous> (/home/ec2-user/Backend/src/routers/UserRouter.js:9:1)
    at Module._compile (module.js:570:32)
Error: Cannot find module 'winston'
    at Function.Module._resolveFilename (module.js:469:15)
    at Function.Module._load (module.js:417:25)
    at Function._load (/usr/lib/node_modules/pm2/node_modules/pmx/lib/transaction.js:62:21)
    at Module.require (module.js:497:17)
    at require (internal/module.js:20:19)
    at Object.<anonymous> (/home/ec2-user/Backend/src/logger.js:6:1)
    at Module._compile (module.js:570:32)
    at Object.Module._extensions..js (module.js:579:10)
    at Module.load (module.js:487:32)
    at tryModuleLoad (module.js:446:12)
    at Function.Module._load (module.js:438:3)
    at Function._load (/usr/lib/node_modules/pm2/node_modules/pmx/lib/transaction.js:62:21)
    at Module.require (module.js:497:17)
    at require (internal/module.js:20:19)
    at Object.<anonymous> (/home/ec2-user/Backend/src/routers/UserRouter.js:9:1)
    at Module._compile (module.js:570:32)
Error: Cannot find module 'winston'
    at Function.Module._resolveFilename (module.js:469:15)
    at Function.Module._load (module.js:417:25)
    at Function._load (/usr/lib/node_modules/pm2/node_modules/pmx/lib/transaction.js:62:21)
    at Module.require (module.js:497:17)
    at require (internal/module.js:20:19)
    at Object.<anonymous> (/home/ec2-user/Backend/src/logger.js:6:1)
    at Module._compile (module.js:570:32)
    at Object.Module._extensions..js (module.js:579:10)
    at Module.load (module.js:487:32)
    at tryModuleLoad (module.js:446:12)
    at Function.Module._load (module.js:438:3)
    at Function._load (/usr/lib/node_modules/pm2/node_modules/pmx/lib/transaction.js:62:21)
    at Module.require (module.js:497:17)
    at require (internal/module.js:20:19)
    at Object.<anonymous> (/home/ec2-user/Backend/src/routers/UserRouter.js:9:1)
    at Module._compile (module.js:570:32)
Error: Cannot find module 'winston'
    at Function.Module._resolveFilename (module.js:469:15)
    at Function.Module._load (module.js:417:25)
    at Function._load (/usr/lib/node_modules/pm2/node_modules/pmx/lib/transaction.js:62:21)
    at Module.require (module.js:497:17)
    at require (internal/module.js:20:19)
    at Object.<anonymous> (/home/ec2-user/Backend/src/logger.js:6:1)
    at Module._compile (module.js:570:32)
    at Object.Module._extensions..js (module.js:579:10)
    at Module.load (module.js:487:32)
    at tryModuleLoad (module.js:446:12)
    at Function.Module._load (module.js:438:3)
    at Function._load (/usr/lib/node_modules/pm2/node_modules/pmx/lib/transaction.js:62:21)
    at Module.require (module.js:497:17)
    at require (internal/module.js:20:19)
    at Object.<anonymous> (/home/ec2-user/Backend/src/routers/UserRouter.js:9:1)
    at Module._compile (module.js:570:32)
Error: Cannot find module 'winston'
    at Function.Module._resolveFilename (module.js:469:15)
    at Function.Module._load (module.js:417:25)
    at Function._load (/usr/lib/node_modules/pm2/node_modules/pmx/lib/transaction.js:62:21)
    at Module.require (module.js:497:17)
    at require (internal/module.js:20:19)
    at Object.<anonymous> (/home/ec2-user/Backend/src/logger.js:6:1)
    at Module._compile (module.js:570:32)
    at Object.Module._extensions..js (module.js:579:10)
    at Module.load (module.js:487:32)
    at tryModuleLoad (module.js:446:12)
    at Function.Module._load (module.js:438:3)
    at Function._load (/usr/lib/node_modules/pm2/node_modules/pmx/lib/transaction.js:62:21)
    at Module.require (module.js:497:17)
    at require (internal/module.js:20:19)
    at Object.<anonymous> (/home/ec2-user/Backend/src/routers/UserRouter.js:9:1)
    at Module._compile (module.js:570:32)
Error: Cannot find module 'winston'
    at Function.Module._resolveFilename (module.js:469:15)
    at Function.Module._load (module.js:417:25)
    at Function._load (/usr/lib/node_modules/pm2/node_modules/pmx/lib/transaction.js:62:21)
    at Module.require (module.js:497:17)
    at require (internal/module.js:20:19)
    at Object.<anonymous> (/home/ec2-user/Backend/src/logger.js:6:1)
    at Module._compile (module.js:570:32)
    at Object.Module._extensions..js (module.js:579:10)
    at Module.load (module.js:487:32)
    at tryModuleLoad (module.js:446:12)
    at Function.Module._load (module.js:438:3)
    at Function._load (/usr/lib/node_modules/pm2/node_modules/pmx/lib/transaction.js:62:21)
    at Module.require (module.js:497:17)
    at require (internal/module.js:20:19)
    at Object.<anonymous> (/home/ec2-user/Backend/src/routers/UserRouter.js:9:1)
    at Module._compile (module.js:570:32)
Error: Cannot find module 'winston'
    at Function.Module._resolveFilename (module.js:469:15)
    at Function.Module._load (module.js:417:25)
    at Function._load (/usr/lib/node_modules/pm2/node_modules/pmx/lib/transaction.js:62:21)
    at Module.require (module.js:497:17)
    at require (internal/module.js:20:19)
    at Object.<anonymous> (/home/ec2-user/Backend/src/logger.js:6:1)
    at Module._compile (module.js:570:32)
    at Object.Module._extensions..js (module.js:579:10)
    at Module.load (module.js:487:32)
    at tryModuleLoad (module.js:446:12)
    at Function.Module._load (module.js:438:3)
    at Function._load (/usr/lib/node_modules/pm2/node_modules/pmx/lib/transaction.js:62:21)
    at Module.require (module.js:497:17)
    at require (internal/module.js:20:19)
    at Object.<anonymous> (/home/ec2-user/Backend/src/routers/UserRouter.js:9:1)
    at Module._compile (module.js:570:32)
Error: Cannot find module 'winston'
    at Function.Module._resolveFilename (module.js:469:15)
    at Function.Module._load (module.js:417:25)
    at Function._load (/usr/lib/node_modules/pm2/node_modules/pmx/lib/transaction.js:62:21)
    at Module.require (module.js:497:17)
    at require (internal/module.js:20:19)
    at Object.<anonymous> (/home/ec2-user/Backend/src/logger.js:6:1)
    at Module._compile (module.js:570:32)
    at Object.Module._extensions..js (module.js:579:10)
    at Module.load (module.js:487:32)
    at tryModuleLoad (module.js:446:12)
    at Function.Module._load (module.js:438:3)
    at Function._load (/usr/lib/node_modules/pm2/node_modules/pmx/lib/transaction.js:62:21)
    at Module.require (module.js:497:17)
    at require (internal/module.js:20:19)
    at Object.<anonymous> (/home/ec2-user/Backend/src/routers/UserRouter.js:9:1)
    at Module._compile (module.js:570:32)
Error: Cannot find module 'winston'
    at Function.Module._resolveFilename (module.js:469:15)
    at Function.Module._load (module.js:417:25)
    at Function._load (/usr/lib/node_modules/pm2/node_modules/pmx/lib/transaction.js:62:21)
    at Module.require (module.js:497:17)
    at require (internal/module.js:20:19)
    at Object.<anonymous> (/home/ec2-user/Backend/src/logger.js:6:1)
    at Module._compile (module.js:570:32)
    at Object.Module._extensions..js (module.js:579:10)
    at Module.load (module.js:487:32)
    at tryModuleLoad (module.js:446:12)
    at Function.Module._load (module.js:438:3)
    at Function._load (/usr/lib/node_modules/pm2/node_modules/pmx/lib/transaction.js:62:21)
    at Module.require (module.js:497:17)
    at require (internal/module.js:20:19)
    at Object.<anonymous> (/home/ec2-user/Backend/src/routers/UserRouter.js:9:1)
    at Module._compile (module.js:570:32)
Error: Cannot find module 'winston'
    at Function.Module._resolveFilename (module.js:469:15)
    at Function.Module._load (module.js:417:25)
    at Function._load (/usr/lib/node_modules/pm2/node_modules/pmx/lib/transaction.js:62:21)
    at Module.require (module.js:497:17)
    at require (internal/module.js:20:19)
    at Object.<anonymous> (/home/ec2-user/Backend/src/logger.js:6:1)
    at Module._compile (module.js:570:32)
    at Object.Module._extensions..js (module.js:579:10)
    at Module.load (module.js:487:32)
    at tryModuleLoad (module.js:446:12)
    at Function.Module._load (module.js:438:3)
    at Function._load (/usr/lib/node_modules/pm2/node_modules/pmx/lib/transaction.js:62:21)
    at Module.require (module.js:497:17)
    at require (internal/module.js:20:19)
    at Object.<anonymous> (/home/ec2-user/Backend/src/routers/UserRouter.js:9:1)
    at Module._compile (module.js:570:32)
Error: Cannot find module 'winston'
    at Function.Module._resolveFilename (module.js:469:15)
    at Function.Module._load (module.js:417:25)
    at Function._load (/usr/lib/node_modules/pm2/node_modules/pmx/lib/transaction.js:62:21)
    at Module.require (module.js:497:17)
    at require (internal/module.js:20:19)
    at Object.<anonymous> (/home/ec2-user/Backend/src/logger.js:6:1)
    at Module._compile (module.js:570:32)
    at Object.Module._extensions..js (module.js:579:10)
    at Module.load (module.js:487:32)
    at tryModuleLoad (module.js:446:12)
    at Function.Module._load (module.js:438:3)
    at Function._load (/usr/lib/node_modules/pm2/node_modules/pmx/lib/transaction.js:62:21)
    at Module.require (module.js:497:17)
    at require (internal/module.js:20:19)
    at Object.<anonymous> (/home/ec2-user/Backend/src/routers/UserRouter.js:9:1)
    at Module._compile (module.js:570:32)
Error: Cannot find module 'winston'
    at Function.Module._resolveFilename (module.js:469:15)
    at Function.Module._load (module.js:417:25)
    at Function._load (/usr/lib/node_modules/pm2/node_modules/pmx/lib/transaction.js:62:21)
    at Module.require (module.js:497:17)
    at require (internal/module.js:20:19)
    at Object.<anonymous> (/home/ec2-user/Backend/src/logger.js:6:1)
    at Module._compile (module.js:570:32)
    at Object.Module._extensions..js (module.js:579:10)
    at Module.load (module.js:487:32)
    at tryModuleLoad (module.js:446:12)
    at Function.Module._load (module.js:438:3)
    at Function._load (/usr/lib/node_modules/pm2/node_modules/pmx/lib/transaction.js:62:21)
    at Module.require (module.js:497:17)
    at require (internal/module.js:20:19)
    at Object.<anonymous> (/home/ec2-user/Backend/src/routers/UserRouter.js:9:1)
    at Module._compile (module.js:570:32)
Error: Cannot find module 'winston'
    at Function.Module._resolveFilename (module.js:469:15)
    at Function.Module._load (module.js:417:25)
    at Function._load (/usr/lib/node_modules/pm2/node_modules/pmx/lib/transaction.js:62:21)
    at Module.require (module.js:497:17)
    at require (internal/module.js:20:19)
    at Object.<anonymous> (/home/ec2-user/Backend/src/logger.js:6:1)
    at Module._compile (module.js:570:32)
    at Object.Module._extensions..js (module.js:579:10)
    at Module.load (module.js:487:32)
    at tryModuleLoad (module.js:446:12)
    at Function.Module._load (module.js:438:3)
    at Function._load (/usr/lib/node_modules/pm2/node_modules/pmx/lib/transaction.js:62:21)
    at Module.require (module.js:497:17)
    at require (internal/module.js:20:19)
    at Object.<anonymous> (/home/ec2-user/Backend/src/routers/UserRouter.js:9:1)
    at Module._compile (module.js:570:32)
Error: Cannot find module 'winston'
    at Function.Module._resolveFilename (module.js:469:15)
    at Function.Module._load (module.js:417:25)
    at Function._load (/usr/lib/node_modules/pm2/node_modules/pmx/lib/transaction.js:62:21)
    at Module.require (module.js:497:17)
    at require (internal/module.js:20:19)
    at Object.<anonymous> (/home/ec2-user/Backend/src/logger.js:6:1)
    at Module._compile (module.js:570:32)
    at Object.Module._extensions..js (module.js:579:10)
    at Module.load (module.js:487:32)
    at tryModuleLoad (module.js:446:12)
    at Function.Module._load (module.js:438:3)
    at Function._load (/usr/lib/node_modules/pm2/node_modules/pmx/lib/transaction.js:62:21)
    at Module.require (module.js:497:17)
    at require (internal/module.js:20:19)
    at Object.<anonymous> (/home/ec2-user/Backend/src/routers/UserRouter.js:9:1)
    at Module._compile (module.js:570:32)
Error: Cannot find module 'winston'
    at Function.Module._resolveFilename (module.js:469:15)
    at Function.Module._load (module.js:417:25)
    at Function._load (/usr/lib/node_modules/pm2/node_modules/pmx/lib/transaction.js:62:21)
    at Module.require (module.js:497:17)
    at require (internal/module.js:20:19)
    at Object.<anonymous> (/home/ec2-user/Backend/src/logger.js:6:1)
    at Module._compile (module.js:570:32)
    at Object.Module._extensions..js (module.js:579:10)
    at Module.load (module.js:487:32)
    at tryModuleLoad (module.js:446:12)
    at Function.Module._load (module.js:438:3)
    at Function._load (/usr/lib/node_modules/pm2/node_modules/pmx/lib/transaction.js:62:21)
    at Module.require (module.js:497:17)
    at require (internal/module.js:20:19)
    at Object.<anonymous> (/home/ec2-user/Backend/src/routers/UserRouter.js:9:1)
    at Module._compile (module.js:570:32)
Error: Cannot find module 'winston'
    at Function.Module._resolveFilename (module.js:469:15)
    at Function.Module._load (module.js:417:25)
    at Function._load (/usr/lib/node_modules/pm2/node_modules/pmx/lib/transaction.js:62:21)
    at Module.require (module.js:497:17)
    at require (internal/module.js:20:19)
    at Object.<anonymous> (/home/ec2-user/Backend/src/logger.js:6:1)
    at Module._compile (module.js:570:32)
    at Object.Module._extensions..js (module.js:579:10)
    at Module.load (module.js:487:32)
    at tryModuleLoad (module.js:446:12)
    at Function.Module._load (module.js:438:3)
    at Function._load (/usr/lib/node_modules/pm2/node_modules/pmx/lib/transaction.js:62:21)
    at Module.require (module.js:497:17)
    at require (internal/module.js:20:19)
    at Object.<anonymous> (/home/ec2-user/Backend/src/routers/UserRouter.js:9:1)
    at Module._compile (module.js:570:32)
Error: Cannot find module 'winston'
    at Function.Module._resolveFilename (module.js:469:15)
    at Function.Module._load (module.js:417:25)
    at Function._load (/usr/lib/node_modules/pm2/node_modules/pmx/lib/transaction.js:62:21)
    at Module.require (module.js:497:17)
    at require (internal/module.js:20:19)
    at Object.<anonymous> (/home/ec2-user/Backend/src/logger.js:6:1)
    at Module._compile (module.js:570:32)
    at Object.Module._extensions..js (module.js:579:10)
    at Module.load (module.js:487:32)
    at tryModuleLoad (module.js:446:12)
    at Function.Module._load (module.js:438:3)
    at Function._load (/usr/lib/node_modules/pm2/node_modules/pmx/lib/transaction.js:62:21)
    at Module.require (module.js:497:17)
    at require (internal/module.js:20:19)
    at Object.<anonymous> (/home/ec2-user/Backend/src/routers/UserRouter.js:9:1)
    at Module._compile (module.js:570:32)
Error: Cannot find module 'winston'
    at Function.Module._resolveFilename (module.js:469:15)
    at Function.Module._load (module.js:417:25)
    at Function._load (/usr/lib/node_modules/pm2/node_modules/pmx/lib/transaction.js:62:21)
    at Module.require (module.js:497:17)
    at require (internal/module.js:20:19)
    at Object.<anonymous> (/home/ec2-user/Backend/src/logger.js:6:1)
    at Module._compile (module.js:570:32)
    at Object.Module._extensions..js (module.js:579:10)
    at Module.load (module.js:487:32)
    at tryModuleLoad (module.js:446:12)
    at Function.Module._load (module.js:438:3)
    at Function._load (/usr/lib/node_modules/pm2/node_modules/pmx/lib/transaction.js:62:21)
    at Module.require (module.js:497:17)
    at require (internal/module.js:20:19)
    at Object.<anonymous> (/home/ec2-user/Backend/src/routers/UserRouter.js:9:1)
    at Module._compile (module.js:570:32)
Error: Cannot find module 'winston'
    at Function.Module._resolveFilename (module.js:469:15)
    at Function.Module._load (module.js:417:25)
    at Function._load (/usr/lib/node_modules/pm2/node_modules/pmx/lib/transaction.js:62:21)
    at Module.require (module.js:497:17)
    at require (internal/module.js:20:19)
    at Object.<anonymous> (/home/ec2-user/Backend/src/logger.js:6:1)
    at Module._compile (module.js:570:32)
    at Object.Module._extensions..js (module.js:579:10)
    at Module.load (module.js:487:32)
    at tryModuleLoad (module.js:446:12)
    at Function.Module._load (module.js:438:3)
    at Function._load (/usr/lib/node_modules/pm2/node_modules/pmx/lib/transaction.js:62:21)
    at Module.require (module.js:497:17)
    at require (internal/module.js:20:19)
    at Object.<anonymous> (/home/ec2-user/Backend/src/routers/UserRouter.js:9:1)
    at Module._compile (module.js:570:32)
Error: Cannot find module 'winston'
    at Function.Module._resolveFilename (module.js:469:15)
    at Function.Module._load (module.js:417:25)
    at Function._load (/usr/lib/node_modules/pm2/node_modules/pmx/lib/transaction.js:62:21)
    at Module.require (module.js:497:17)
    at require (internal/module.js:20:19)
    at Object.<anonymous> (/home/ec2-user/Backend/src/logger.js:6:1)
    at Module._compile (module.js:570:32)
    at Object.Module._extensions..js (module.js:579:10)
    at Module.load (module.js:487:32)
    at tryModuleLoad (module.js:446:12)
    at Function.Module._load (module.js:438:3)
    at Function._load (/usr/lib/node_modules/pm2/node_modules/pmx/lib/transaction.js:62:21)
    at Module.require (module.js:497:17)
    at require (internal/module.js:20:19)
    at Object.<anonymous> (/home/ec2-user/Backend/src/routers/UserRouter.js:9:1)
    at Module._compile (module.js:570:32)
Error: Cannot find module 'winston'
    at Function.Module._resolveFilename (module.js:469:15)
    at Function.Module._load (module.js:417:25)
    at Function._load (/usr/lib/node_modules/pm2/node_modules/pmx/lib/transaction.js:62:21)
    at Module.require (module.js:497:17)
    at require (internal/module.js:20:19)
    at Object.<anonymous> (/home/ec2-user/Backend/src/logger.js:6:1)
    at Module._compile (module.js:570:32)
    at Object.Module._extensions..js (module.js:579:10)
    at Module.load (module.js:487:32)
    at tryModuleLoad (module.js:446:12)
    at Function.Module._load (module.js:438:3)
    at Function._load (/usr/lib/node_modules/pm2/node_modules/pmx/lib/transaction.js:62:21)
    at Module.require (module.js:497:17)
    at require (internal/module.js:20:19)
    at Object.<anonymous> (/home/ec2-user/Backend/src/routers/UserRouter.js:9:1)
    at Module._compile (module.js:570:32)
Error: Cannot find module 'winston'
    at Function.Module._resolveFilename (module.js:469:15)
    at Function.Module._load (module.js:417:25)
    at Function._load (/usr/lib/node_modules/pm2/node_modules/pmx/lib/transaction.js:62:21)
    at Module.require (module.js:497:17)
    at require (internal/module.js:20:19)
    at Object.<anonymous> (/home/ec2-user/Backend/src/logger.js:6:1)
    at Module._compile (module.js:570:32)
    at Object.Module._extensions..js (module.js:579:10)
    at Module.load (module.js:487:32)
    at tryModuleLoad (module.js:446:12)
    at Function.Module._load (module.js:438:3)
    at Function._load (/usr/lib/node_modules/pm2/node_modules/pmx/lib/transaction.js:62:21)
    at Module.require (module.js:497:17)
    at require (internal/module.js:20:19)
    at Object.<anonymous> (/home/ec2-user/Backend/src/routers/UserRouter.js:9:1)
    at Module._compile (module.js:570:32)
Error: Cannot find module 'winston'
    at Function.Module._resolveFilename (module.js:469:15)
    at Function.Module._load (module.js:417:25)
    at Function._load (/usr/lib/node_modules/pm2/node_modules/pmx/lib/transaction.js:62:21)
    at Module.require (module.js:497:17)
    at require (internal/module.js:20:19)
    at Object.<anonymous> (/home/ec2-user/Backend/src/logger.js:6:1)
    at Module._compile (module.js:570:32)
    at Object.Module._extensions..js (module.js:579:10)
    at Module.load (module.js:487:32)
    at tryModuleLoad (module.js:446:12)
    at Function.Module._load (module.js:438:3)
    at Function._load (/usr/lib/node_modules/pm2/node_modules/pmx/lib/transaction.js:62:21)
    at Module.require (module.js:497:17)
    at require (internal/module.js:20:19)
    at Object.<anonymous> (/home/ec2-user/Backend/src/routers/UserRouter.js:9:1)
    at Module._compile (module.js:570:32)
Error: Cannot find module 'winston'
    at Function.Module._resolveFilename (module.js:469:15)
    at Function.Module._load (module.js:417:25)
    at Function._load (/usr/lib/node_modules/pm2/node_modules/pmx/lib/transaction.js:62:21)
    at Module.require (module.js:497:17)
    at require (internal/module.js:20:19)
    at Object.<anonymous> (/home/ec2-user/Backend/src/logger.js:6:1)
    at Module._compile (module.js:570:32)
    at Object.Module._extensions..js (module.js:579:10)
    at Module.load (module.js:487:32)
    at tryModuleLoad (module.js:446:12)
    at Function.Module._load (module.js:438:3)
    at Function._load (/usr/lib/node_modules/pm2/node_modules/pmx/lib/transaction.js:62:21)
    at Module.require (module.js:497:17)
    at require (internal/module.js:20:19)
    at Object.<anonymous> (/home/ec2-user/Backend/src/routers/UserRouter.js:9:1)
    at Module._compile (module.js:570:32)
Error: Cannot find module 'winston'
    at Function.Module._resolveFilename (module.js:469:15)
    at Function.Module._load (module.js:417:25)
    at Function._load (/usr/lib/node_modules/pm2/node_modules/pmx/lib/transaction.js:62:21)
    at Module.require (module.js:497:17)
    at require (internal/module.js:20:19)
    at Object.<anonymous> (/home/ec2-user/Backend/src/logger.js:6:1)
    at Module._compile (module.js:570:32)
    at Object.Module._extensions..js (module.js:579:10)
    at Module.load (module.js:487:32)
    at tryModuleLoad (module.js:446:12)
    at Function.Module._load (module.js:438:3)
    at Function._load (/usr/lib/node_modules/pm2/node_modules/pmx/lib/transaction.js:62:21)
    at Module.require (module.js:497:17)
    at require (internal/module.js:20:19)
    at Object.<anonymous> (/home/ec2-user/Backend/src/routers/UserRouter.js:9:1)
    at Module._compile (module.js:570:32)
Error: Cannot find module 'winston'
    at Function.Module._resolveFilename (module.js:469:15)
    at Function.Module._load (module.js:417:25)
    at Function._load (/usr/lib/node_modules/pm2/node_modules/pmx/lib/transaction.js:62:21)
    at Module.require (module.js:497:17)
    at require (internal/module.js:20:19)
    at Object.<anonymous> (/home/ec2-user/Backend/src/logger.js:6:1)
    at Module._compile (module.js:570:32)
    at Object.Module._extensions..js (module.js:579:10)
    at Module.load (module.js:487:32)
    at tryModuleLoad (module.js:446:12)
    at Function.Module._load (module.js:438:3)
    at Function._load (/usr/lib/node_modules/pm2/node_modules/pmx/lib/transaction.js:62:21)
    at Module.require (module.js:497:17)
    at require (internal/module.js:20:19)
    at Object.<anonymous> (/home/ec2-user/Backend/src/routers/UserRouter.js:9:1)
    at Module._compile (module.js:570:32)
Error: Cannot find module 'winston'
    at Function.Module._resolveFilename (module.js:469:15)
    at Function.Module._load (module.js:417:25)
    at Function._load (/usr/lib/node_modules/pm2/node_modules/pmx/lib/transaction.js:62:21)
    at Module.require (module.js:497:17)
    at require (internal/module.js:20:19)
    at Object.<anonymous> (/home/ec2-user/Backend/src/logger.js:6:1)
    at Module._compile (module.js:570:32)
    at Object.Module._extensions..js (module.js:579:10)
    at Module.load (module.js:487:32)
    at tryModuleLoad (module.js:446:12)
    at Function.Module._load (module.js:438:3)
    at Function._load (/usr/lib/node_modules/pm2/node_modules/pmx/lib/transaction.js:62:21)
    at Module.require (module.js:497:17)
    at require (internal/module.js:20:19)
    at Object.<anonymous> (/home/ec2-user/Backend/src/routers/UserRouter.js:9:1)
    at Module._compile (module.js:570:32)
Error: Cannot find module 'winston'
    at Function.Module._resolveFilename (module.js:469:15)
    at Function.Module._load (module.js:417:25)
    at Function._load (/usr/lib/node_modules/pm2/node_modules/pmx/lib/transaction.js:62:21)
    at Module.require (module.js:497:17)
    at require (internal/module.js:20:19)
    at Object.<anonymous> (/home/ec2-user/Backend/src/logger.js:6:1)
    at Module._compile (module.js:570:32)
    at Object.Module._extensions..js (module.js:579:10)
    at Module.load (module.js:487:32)
    at tryModuleLoad (module.js:446:12)
    at Function.Module._load (module.js:438:3)
    at Function._load (/usr/lib/node_modules/pm2/node_modules/pmx/lib/transaction.js:62:21)
    at Module.require (module.js:497:17)
    at require (internal/module.js:20:19)
    at Object.<anonymous> (/home/ec2-user/Backend/src/routers/UserRouter.js:9:1)
    at Module._compile (module.js:570:32)
Error: Cannot find module 'winston'
    at Function.Module._resolveFilename (module.js:469:15)
    at Function.Module._load (module.js:417:25)
    at Function._load (/usr/lib/node_modules/pm2/node_modules/pmx/lib/transaction.js:62:21)
    at Module.require (module.js:497:17)
    at require (internal/module.js:20:19)
    at Object.<anonymous> (/home/ec2-user/Backend/src/logger.js:6:1)
    at Module._compile (module.js:570:32)
    at Object.Module._extensions..js (module.js:579:10)
    at Module.load (module.js:487:32)
    at tryModuleLoad (module.js:446:12)
    at Function.Module._load (module.js:438:3)
    at Function._load (/usr/lib/node_modules/pm2/node_modules/pmx/lib/transaction.js:62:21)
    at Module.require (module.js:497:17)
    at require (internal/module.js:20:19)
    at Object.<anonymous> (/home/ec2-user/Backend/src/routers/UserRouter.js:9:1)
    at Module._compile (module.js:570:32)
Error: Cannot find module 'winston'
    at Function.Module._resolveFilename (module.js:469:15)
    at Function.Module._load (module.js:417:25)
    at Function._load (/usr/lib/node_modules/pm2/node_modules/pmx/lib/transaction.js:62:21)
    at Module.require (module.js:497:17)
    at require (internal/module.js:20:19)
    at Object.<anonymous> (/home/ec2-user/Backend/src/logger.js:6:1)
    at Module._compile (module.js:570:32)
    at Object.Module._extensions..js (module.js:579:10)
    at Module.load (module.js:487:32)
    at tryModuleLoad (module.js:446:12)
    at Function.Module._load (module.js:438:3)
    at Function._load (/usr/lib/node_modules/pm2/node_modules/pmx/lib/transaction.js:62:21)
    at Module.require (module.js:497:17)
    at require (internal/module.js:20:19)
    at Object.<anonymous> (/home/ec2-user/Backend/src/routers/UserRouter.js:9:1)
    at Module._compile (module.js:570:32)
Error: Cannot find module 'winston'
    at Function.Module._resolveFilename (module.js:469:15)
    at Function.Module._load (module.js:417:25)
    at Function._load (/usr/lib/node_modules/pm2/node_modules/pmx/lib/transaction.js:62:21)
    at Module.require (module.js:497:17)
    at require (internal/module.js:20:19)
    at Object.<anonymous> (/home/ec2-user/Backend/src/logger.js:6:1)
    at Module._compile (module.js:570:32)
    at Object.Module._extensions..js (module.js:579:10)
    at Module.load (module.js:487:32)
    at tryModuleLoad (module.js:446:12)
    at Function.Module._load (module.js:438:3)
    at Function._load (/usr/lib/node_modules/pm2/node_modules/pmx/lib/transaction.js:62:21)
    at Module.require (module.js:497:17)
    at require (internal/module.js:20:19)
    at Object.<anonymous> (/home/ec2-user/Backend/src/routers/UserRouter.js:9:1)
    at Module._compile (module.js:570:32)
Error: Cannot find module 'winston'
    at Function.Module._resolveFilename (module.js:469:15)
    at Function.Module._load (module.js:417:25)
    at Function._load (/usr/lib/node_modules/pm2/node_modules/pmx/lib/transaction.js:62:21)
    at Module.require (module.js:497:17)
    at require (internal/module.js:20:19)
    at Object.<anonymous> (/home/ec2-user/Backend/src/logger.js:6:1)
    at Module._compile (module.js:570:32)
    at Object.Module._extensions..js (module.js:579:10)
    at Module.load (module.js:487:32)
    at tryModuleLoad (module.js:446:12)
    at Function.Module._load (module.js:438:3)
    at Function._load (/usr/lib/node_modules/pm2/node_modules/pmx/lib/transaction.js:62:21)
    at Module.require (module.js:497:17)
    at require (internal/module.js:20:19)
    at Object.<anonymous> (/home/ec2-user/Backend/src/routers/UserRouter.js:9:1)
    at Module._compile (module.js:570:32)
Error: Cannot find module 'winston'
    at Function.Module._resolveFilename (module.js:469:15)
    at Function.Module._load (module.js:417:25)
    at Function._load (/usr/lib/node_modules/pm2/node_modules/pmx/lib/transaction.js:62:21)
    at Module.require (module.js:497:17)
    at require (internal/module.js:20:19)
    at Object.<anonymous> (/home/ec2-user/Backend/src/logger.js:6:1)
    at Module._compile (module.js:570:32)
    at Object.Module._extensions..js (module.js:579:10)
    at Module.load (module.js:487:32)
    at tryModuleLoad (module.js:446:12)
    at Function.Module._load (module.js:438:3)
    at Function._load (/usr/lib/node_modules/pm2/node_modules/pmx/lib/transaction.js:62:21)
    at Module.require (module.js:497:17)
    at require (internal/module.js:20:19)
    at Object.<anonymous> (/home/ec2-user/Backend/src/routers/UserRouter.js:9:1)
    at Module._compile (module.js:570:32)
Error: Cannot find module 'winston'
    at Function.Module._resolveFilename (module.js:469:15)
    at Function.Module._load (module.js:417:25)
    at Function._load (/usr/lib/node_modules/pm2/node_modules/pmx/lib/transaction.js:62:21)
    at Module.require (module.js:497:17)
    at require (internal/module.js:20:19)
    at Object.<anonymous> (/home/ec2-user/Backend/src/logger.js:6:1)
    at Module._compile (module.js:570:32)
    at Object.Module._extensions..js (module.js:579:10)
    at Module.load (module.js:487:32)
    at tryModuleLoad (module.js:446:12)
    at Function.Module._load (module.js:438:3)
    at Function._load (/usr/lib/node_modules/pm2/node_modules/pmx/lib/transaction.js:62:21)
    at Module.require (module.js:497:17)
    at require (internal/module.js:20:19)
    at Object.<anonymous> (/home/ec2-user/Backend/src/routers/UserRouter.js:9:1)
    at Module._compile (module.js:570:32)
Error: Cannot find module 'winston'
    at Function.Module._resolveFilename (module.js:469:15)
    at Function.Module._load (module.js:417:25)
    at Function._load (/usr/lib/node_modules/pm2/node_modules/pmx/lib/transaction.js:62:21)
    at Module.require (module.js:497:17)
    at require (internal/module.js:20:19)
    at Object.<anonymous> (/home/ec2-user/Backend/src/logger.js:6:1)
    at Module._compile (module.js:570:32)
    at Object.Module._extensions..js (module.js:579:10)
    at Module.load (module.js:487:32)
    at tryModuleLoad (module.js:446:12)
    at Function.Module._load (module.js:438:3)
    at Function._load (/usr/lib/node_modules/pm2/node_modules/pmx/lib/transaction.js:62:21)
    at Module.require (module.js:497:17)
    at require (internal/module.js:20:19)
    at Object.<anonymous> (/home/ec2-user/Backend/src/routers/UserRouter.js:9:1)
    at Module._compile (module.js:570:32)
Error: Cannot find module 'winston'
    at Function.Module._resolveFilename (module.js:469:15)
    at Function.Module._load (module.js:417:25)
    at Function._load (/usr/lib/node_modules/pm2/node_modules/pmx/lib/transaction.js:62:21)
    at Module.require (module.js:497:17)
    at require (internal/module.js:20:19)
    at Object.<anonymous> (/home/ec2-user/Backend/src/logger.js:6:1)
    at Module._compile (module.js:570:32)
    at Object.Module._extensions..js (module.js:579:10)
    at Module.load (module.js:487:32)
    at tryModuleLoad (module.js:446:12)
    at Function.Module._load (module.js:438:3)
    at Function._load (/usr/lib/node_modules/pm2/node_modules/pmx/lib/transaction.js:62:21)
    at Module.require (module.js:497:17)
    at require (internal/module.js:20:19)
    at Object.<anonymous> (/home/ec2-user/Backend/src/routers/UserRouter.js:9:1)
    at Module._compile (module.js:570:32)
Error: Cannot find module 'winston'
    at Function.Module._resolveFilename (module.js:469:15)
    at Function.Module._load (module.js:417:25)
    at Function._load (/usr/lib/node_modules/pm2/node_modules/pmx/lib/transaction.js:62:21)
    at Module.require (module.js:497:17)
    at require (internal/module.js:20:19)
    at Object.<anonymous> (/home/ec2-user/Backend/src/logger.js:6:1)
    at Module._compile (module.js:570:32)
    at Object.Module._extensions..js (module.js:579:10)
    at Module.load (module.js:487:32)
    at tryModuleLoad (module.js:446:12)
    at Function.Module._load (module.js:438:3)
    at Function._load (/usr/lib/node_modules/pm2/node_modules/pmx/lib/transaction.js:62:21)
    at Module.require (module.js:497:17)
    at require (internal/module.js:20:19)
    at Object.<anonymous> (/home/ec2-user/Backend/src/routers/UserRouter.js:9:1)
    at Module._compile (module.js:570:32)
Error: Cannot find module 'winston'
    at Function.Module._resolveFilename (module.js:469:15)
    at Function.Module._load (module.js:417:25)
    at Function._load (/usr/lib/node_modules/pm2/node_modules/pmx/lib/transaction.js:62:21)
    at Module.require (module.js:497:17)
    at require (internal/module.js:20:19)
    at Object.<anonymous> (/home/ec2-user/Backend/src/logger.js:6:1)
    at Module._compile (module.js:570:32)
    at Object.Module._extensions..js (module.js:579:10)
    at Module.load (module.js:487:32)
    at tryModuleLoad (module.js:446:12)
    at Function.Module._load (module.js:438:3)
    at Function._load (/usr/lib/node_modules/pm2/node_modules/pmx/lib/transaction.js:62:21)
    at Module.require (module.js:497:17)
    at require (internal/module.js:20:19)
    at Object.<anonymous> (/home/ec2-user/Backend/src/routers/UserRouter.js:9:1)
    at Module._compile (module.js:570:32)
Error: Cannot find module 'winston'
    at Function.Module._resolveFilename (module.js:469:15)
    at Function.Module._load (module.js:417:25)
    at Function._load (/usr/lib/node_modules/pm2/node_modules/pmx/lib/transaction.js:62:21)
    at Module.require (module.js:497:17)
    at require (internal/module.js:20:19)
    at Object.<anonymous> (/home/ec2-user/Backend/src/logger.js:6:1)
    at Module._compile (module.js:570:32)
    at Object.Module._extensions..js (module.js:579:10)
    at Module.load (module.js:487:32)
    at tryModuleLoad (module.js:446:12)
    at Function.Module._load (module.js:438:3)
    at Function._load (/usr/lib/node_modules/pm2/node_modules/pmx/lib/transaction.js:62:21)
    at Module.require (module.js:497:17)
    at require (internal/module.js:20:19)
    at Object.<anonymous> (/home/ec2-user/Backend/src/routers/UserRouter.js:9:1)
    at Module._compile (module.js:570:32)
Error: Cannot find module 'winston'
    at Function.Module._resolveFilename (module.js:469:15)
    at Function.Module._load (module.js:417:25)
    at Function._load (/usr/lib/node_modules/pm2/node_modules/pmx/lib/transaction.js:62:21)
    at Module.require (module.js:497:17)
    at require (internal/module.js:20:19)
    at Object.<anonymous> (/home/ec2-user/Backend/src/logger.js:6:1)
    at Module._compile (module.js:570:32)
    at Object.Module._extensions..js (module.js:579:10)
    at Module.load (module.js:487:32)
    at tryModuleLoad (module.js:446:12)
    at Function.Module._load (module.js:438:3)
    at Function._load (/usr/lib/node_modules/pm2/node_modules/pmx/lib/transaction.js:62:21)
    at Module.require (module.js:497:17)
    at require (internal/module.js:20:19)
    at Object.<anonymous> (/home/ec2-user/Backend/src/routers/UserRouter.js:9:1)
    at Module._compile (module.js:570:32)
Thu, 19 Jan 2017 09:10:57 GMT express-session deprecated undefined resave option; provide resave option at dist/server.js:181:38
Thu, 19 Jan 2017 09:10:57 GMT express-session deprecated undefined saveUninitialized option; provide saveUninitialized option at dist/server.js:181:38
(node:4170) DeprecationWarning: Mongoose: mpromise (mongoose's default promise library) is deprecated, plug in your own promise library instead: http://mongoosejs.com/docs/promises.html
Error: ENOENT: no such file or directory, stat '/home/ec2-user/Frontend/dist/index.html'
    at Error (native)
Error: ENOENT: no such file or directory, stat '/home/ec2-user/Frontend/dist/index.html'
    at Error (native)
Error: ENOENT: no such file or directory, stat '/home/ec2-user/Frontend/dist/index.html'
    at Error (native)
Error: ENOENT: no such file or directory, stat '/home/ec2-user/Frontend/dist/index.html'
    at Error (native)
Error: ENOENT: no such file or directory, stat '/home/ec2-user/Frontend/dist/index.html'
    at Error (native)
Error: ENOENT: no such file or directory, stat '/home/ec2-user/Frontend/dist/index.html'
    at Error (native)
Error: ENOENT: no such file or directory, stat '/home/ec2-user/Frontend/dist/index.html'
    at Error (native)
Error: ENOENT: no such file or directory, stat '/home/ec2-user/Frontend/dist/index.html'
    at Error (native)
Error: ENOENT: no such file or directory, stat '/home/ec2-user/Frontend/dist/index.html'
    at Error (native)
Error: ENOENT: no such file or directory, stat '/home/ec2-user/Frontend/dist/index.html'
    at Error (native)
Error: ENOENT: no such file or directory, stat '/home/ec2-user/Frontend/dist/index.html'
    at Error (native)
Error: ENOENT: no such file or directory, stat '/home/ec2-user/Frontend/dist/index.html'
    at Error (native)
Error: ENOENT: no such file or directory, stat '/home/ec2-user/Frontend/dist/index.html'
    at Error (native)
Error: ENOENT: no such file or directory, stat '/home/ec2-user/Frontend/dist/index.html'
    at Error (native)
Error: ENOENT: no such file or directory, stat '/home/ec2-user/Frontend/dist/index.html'
    at Error (native)
Error: request aborted
    at IncomingMessage.onAborted (/home/ec2-user/Backend/node_modules/raw-body/index.js:269:10)
    at emitNone (events.js:86:13)
    at IncomingMessage.emit (events.js:185:7)
    at abortIncoming (_http_server.js:283:11)
    at TLSSocket.serverSocketCloseListener (_http_server.js:296:5)
    at emitOne (events.js:101:20)
    at TLSSocket.emit (events.js:188:7)
    at _handle.close (net.js:498:12)
    at Socket.done (_tls_wrap.js:325:7)
    at Socket.g (events.js:291:16)
    at emitOne (events.js:96:13)
    at Socket.emit (events.js:188:7)
    at TCP._handle.close [as _onclose] (net.js:498:12)
Error: request aborted
    at IncomingMessage.onAborted (/home/ec2-user/Backend/node_modules/raw-body/index.js:269:10)
    at emitNone (events.js:86:13)
    at IncomingMessage.emit (events.js:185:7)
    at abortIncoming (_http_server.js:283:11)
    at TLSSocket.serverSocketCloseListener (_http_server.js:296:5)
    at emitOne (events.js:101:20)
    at TLSSocket.emit (events.js:188:7)
    at _handle.close (net.js:498:12)
    at Socket.done (_tls_wrap.js:325:7)
    at Socket.g (events.js:291:16)
    at emitOne (events.js:96:13)
    at Socket.emit (events.js:188:7)
    at TCP._handle.close [as _onclose] (net.js:498:12)
[ERROR] CourseSession Service getMostRecentCourseSession TypeError: Cannot read property 'format' of undefined
    at Object._callee21$ (/home/ec2-user/Backend/src/services/CourseSession.js:363:11)
    at tryCatch (/home/ec2-user/Backend/node_modules/regenerator-runtime/runtime.js:64:40)
    at GeneratorFunctionPrototype.invoke [as _invoke] (/home/ec2-user/Backend/node_modules/regenerator-runtime/runtime.js:355:22)
    at GeneratorFunctionPrototype.prototype.(anonymous function) [as next] (/home/ec2-user/Backend/node_modules/regenerator-runtime/runtime.js:116:21)
    at step (/home/ec2-user/Backend/node_modules/babel-runtime/helpers/asyncToGenerator.js:17:30)
    at /home/ec2-user/Backend/node_modules/babel-runtime/helpers/asyncToGenerator.js:28:13
    at process._tickDomainCallback (internal/process/next_tick.js:129:7)
ERROR:  undefined
ERROR:  undefined
You have triggered an unhandledRejection, you may have forgotten to catch a Promise rejection:
Error: Can't set headers after they are sent.
    at ServerResponse.OutgoingMessage.setHeader (_http_outgoing.js:356:11)
    at ServerResponse.header (/home/ec2-user/Backend/node_modules/express/lib/response.js:719:10)
    at ServerResponse.send (/home/ec2-user/Backend/node_modules/express/lib/response.js:164:12)
    at ServerResponse.json (/home/ec2-user/Backend/node_modules/express/lib/response.js:250:15)
    at ServerResponse.send (/home/ec2-user/Backend/node_modules/express/lib/response.js:152:21)
    at ServerResponse.res.error (/home/ec2-user/Backend/src/server.js:49:9)
    at _callee$ (/home/ec2-user/Backend/src/routers/CourseSession.js:49:9)
    at tryCatch (/home/ec2-user/Backend/node_modules/regenerator-runtime/runtime.js:64:40)
    at GeneratorFunctionPrototype.invoke [as _invoke] (/home/ec2-user/Backend/node_modules/regenerator-runtime/runtime.js:355:22)
    at GeneratorFunctionPrototype.prototype.(anonymous function) [as next] (/home/ec2-user/Backend/node_modules/regenerator-runtime/runtime.js:116:21)
    at step (/home/ec2-user/Backend/node_modules/babel-runtime/helpers/asyncToGenerator.js:17:30)
    at /home/ec2-user/Backend/node_modules/babel-runtime/helpers/asyncToGenerator.js:28:13
    at process._tickDomainCallback (internal/process/next_tick.js:129:7)
[ERROR] CourseSession Service getMostRecentCourseSession TypeError: Cannot read property 'format' of undefined
    at Object._callee21$ (/home/ec2-user/Backend/src/services/CourseSession.js:363:11)
    at tryCatch (/home/ec2-user/Backend/node_modules/regenerator-runtime/runtime.js:64:40)
    at GeneratorFunctionPrototype.invoke [as _invoke] (/home/ec2-user/Backend/node_modules/regenerator-runtime/runtime.js:355:22)
    at GeneratorFunctionPrototype.prototype.(anonymous function) [as next] (/home/ec2-user/Backend/node_modules/regenerator-runtime/runtime.js:116:21)
    at step (/home/ec2-user/Backend/node_modules/babel-runtime/helpers/asyncToGenerator.js:17:30)
    at /home/ec2-user/Backend/node_modules/babel-runtime/helpers/asyncToGenerator.js:28:13
    at process._tickDomainCallback (internal/process/next_tick.js:129:7)
ERROR:  undefined
ERROR:  undefined
(node:4170) UnhandledPromiseRejectionWarning: Unhandled promise rejection (rejection id: 2): Error: Can't set headers after they are sent.
[ERROR] CourseSession Service getMostRecentCourseSession TypeError: Cannot read property 'format' of undefined
    at Object._callee21$ (/home/ec2-user/Backend/src/services/CourseSession.js:363:11)
    at tryCatch (/home/ec2-user/Backend/node_modules/regenerator-runtime/runtime.js:64:40)
    at GeneratorFunctionPrototype.invoke [as _invoke] (/home/ec2-user/Backend/node_modules/regenerator-runtime/runtime.js:355:22)
    at GeneratorFunctionPrototype.prototype.(anonymous function) [as next] (/home/ec2-user/Backend/node_modules/regenerator-runtime/runtime.js:116:21)
    at step (/home/ec2-user/Backend/node_modules/babel-runtime/helpers/asyncToGenerator.js:17:30)
    at /home/ec2-user/Backend/node_modules/babel-runtime/helpers/asyncToGenerator.js:28:13
    at process._tickDomainCallback (internal/process/next_tick.js:129:7)
ERROR:  undefined
ERROR:  undefined
(node:4170) UnhandledPromiseRejectionWarning: Unhandled promise rejection (rejection id: 3): Error: Can't set headers after they are sent.
[ERROR] CourseSession Service getMostRecentCourseSession TypeError: Cannot read property 'format' of undefined
    at Object._callee21$ (/home/ec2-user/Backend/src/services/CourseSession.js:363:11)
    at tryCatch (/home/ec2-user/Backend/node_modules/regenerator-runtime/runtime.js:64:40)
    at GeneratorFunctionPrototype.invoke [as _invoke] (/home/ec2-user/Backend/node_modules/regenerator-runtime/runtime.js:355:22)
    at GeneratorFunctionPrototype.prototype.(anonymous function) [as next] (/home/ec2-user/Backend/node_modules/regenerator-runtime/runtime.js:116:21)
    at step (/home/ec2-user/Backend/node_modules/babel-runtime/helpers/asyncToGenerator.js:17:30)
    at /home/ec2-user/Backend/node_modules/babel-runtime/helpers/asyncToGenerator.js:28:13
    at process._tickDomainCallback (internal/process/next_tick.js:129:7)
ERROR:  undefined
ERROR:  undefined
(node:4170) UnhandledPromiseRejectionWarning: Unhandled promise rejection (rejection id: 4): Error: Can't set headers after they are sent.
[ERROR] CourseSession Service getMostRecentCourseSession TypeError: Cannot read property 'format' of undefined
    at Object._callee21$ (/home/ec2-user/Backend/src/services/CourseSession.js:363:11)
    at tryCatch (/home/ec2-user/Backend/node_modules/regenerator-runtime/runtime.js:64:40)
    at GeneratorFunctionPrototype.invoke [as _invoke] (/home/ec2-user/Backend/node_modules/regenerator-runtime/runtime.js:355:22)
    at GeneratorFunctionPrototype.prototype.(anonymous function) [as next] (/home/ec2-user/Backend/node_modules/regenerator-runtime/runtime.js:116:21)
    at step (/home/ec2-user/Backend/node_modules/babel-runtime/helpers/asyncToGenerator.js:17:30)
    at /home/ec2-user/Backend/node_modules/babel-runtime/helpers/asyncToGenerator.js:28:13
    at process._tickDomainCallback (internal/process/next_tick.js:129:7)
ERROR:  undefined
ERROR:  undefined
(node:4170) UnhandledPromiseRejectionWarning: Unhandled promise rejection (rejection id: 5): Error: Can't set headers after they are sent.
[ERROR] CourseSession Service getMostRecentCourseSession TypeError: Cannot read property 'format' of undefined
    at Object._callee21$ (/home/ec2-user/Backend/src/services/CourseSession.js:363:11)
    at tryCatch (/home/ec2-user/Backend/node_modules/regenerator-runtime/runtime.js:64:40)
    at GeneratorFunctionPrototype.invoke [as _invoke] (/home/ec2-user/Backend/node_modules/regenerator-runtime/runtime.js:355:22)
    at GeneratorFunctionPrototype.prototype.(anonymous function) [as next] (/home/ec2-user/Backend/node_modules/regenerator-runtime/runtime.js:116:21)
    at step (/home/ec2-user/Backend/node_modules/babel-runtime/helpers/asyncToGenerator.js:17:30)
    at /home/ec2-user/Backend/node_modules/babel-runtime/helpers/asyncToGenerator.js:28:13
    at process._tickDomainCallback (internal/process/next_tick.js:129:7)
ERROR:  undefined
ERROR:  undefined
(node:4170) UnhandledPromiseRejectionWarning: Unhandled promise rejection (rejection id: 6): Error: Can't set headers after they are sent.
[ERROR] CourseSession Service build { ValidationError: CastError: Cast to Date failed for value "Invalid Date" at path "lastActiveTime"
    at MongooseError.ValidationError (/home/ec2-user/Backend/node_modules/mongoose/lib/error/validation.js:23:11)
    at model.Document.invalidate (/home/ec2-user/Backend/node_modules/mongoose/lib/document.js:1499:32)
    at model.Document.set (/home/ec2-user/Backend/node_modules/mongoose/lib/document.js:766:10)
    at model._handleIndex (/home/ec2-user/Backend/node_modules/mongoose/lib/document.js:609:14)
    at model.Document.set (/home/ec2-user/Backend/node_modules/mongoose/lib/document.js:569:24)
    at model.Document (/home/ec2-user/Backend/node_modules/mongoose/lib/document.js:68:10)
    at model.Model (/home/ec2-user/Backend/node_modules/mongoose/lib/model.js:47:12)
    at new model (/home/ec2-user/Backend/node_modules/mongoose/lib/model.js:3250:13)
    at /home/ec2-user/Backend/src/db.js:74:19
    at Object.create (/home/ec2-user/Backend/src/db.js:73:10)
    at _callee3$ (/home/ec2-user/Backend/src/services/CourseSession.js:70:21)
    at tryCatch (/home/ec2-user/Backend/node_modules/regenerator-runtime/runtime.js:64:40)
    at GeneratorFunctionPrototype.invoke [as _invoke] (/home/ec2-user/Backend/node_modules/regenerator-runtime/runtime.js:355:22)
    at GeneratorFunctionPrototype.prototype.(anonymous function) [as next] (/home/ec2-user/Backend/node_modules/regenerator-runtime/runtime.js:116:21)
    at step (/home/ec2-user/Backend/node_modules/babel-runtime/helpers/asyncToGenerator.js:17:30)
    at /home/ec2-user/Backend/node_modules/babel-runtime/helpers/asyncToGenerator.js:35:14
    at Promise.F (/home/ec2-user/Backend/node_modules/core-js/library/modules/_export.js:35:28)
    at /home/ec2-user/Backend/node_modules/babel-runtime/helpers/asyncToGenerator.js:14:12
    at build (/home/ec2-user/Backend/dist/services/CourseSession.js:154:18)
    at Object._callee21$ (/home/ec2-user/Backend/src/services/CourseSession.js:388:35)
    at tryCatch (/home/ec2-user/Backend/node_modules/regenerator-runtime/runtime.js:64:40)
    at GeneratorFunctionPrototype.invoke [as _invoke] (/home/ec2-user/Backend/node_modules/regenerator-runtime/runtime.js:355:22)
  errors: 
   { lastActiveTime: 
      { CastError: Cast to Date failed for value "Invalid Date" at path "lastActiveTime"
          at MongooseError.CastError (/home/ec2-user/Backend/node_modules/mongoose/lib/error/cast.js:26:11)
          at model.Document.set (/home/ec2-user/Backend/node_modules/mongoose/lib/document.js:767:7)
          at model._handleIndex (/home/ec2-user/Backend/node_modules/mongoose/lib/document.js:609:14)
          at model.Document.set (/home/ec2-user/Backend/node_modules/mongoose/lib/document.js:569:24)
          at model.Document (/home/ec2-user/Backend/node_modules/mongoose/lib/document.js:68:10)
          at model.Model (/home/ec2-user/Backend/node_modules/mongoose/lib/model.js:47:12)
          at new model (/home/ec2-user/Backend/node_modules/mongoose/lib/model.js:3250:13)
          at /home/ec2-user/Backend/src/db.js:74:19
          at Object.create (/home/ec2-user/Backend/src/db.js:73:10)
          at _callee3$ (/home/ec2-user/Backend/src/services/CourseSession.js:70:21)
          at tryCatch (/home/ec2-user/Backend/node_modules/regenerator-runtime/runtime.js:64:40)
          at GeneratorFunctionPrototype.invoke [as _invoke] (/home/ec2-user/Backend/node_modules/regenerator-runtime/runtime.js:355:22)
          at GeneratorFunctionPrototype.prototype.(anonymous function) [as next] (/home/ec2-user/Backend/node_modules/regenerator-runtime/runtime.js:116:21)
          at step (/home/ec2-user/Backend/node_modules/babel-runtime/helpers/asyncToGenerator.js:17:30)
          at /home/ec2-user/Backend/node_modules/babel-runtime/helpers/asyncToGenerator.js:35:14
          at Promise.F (/home/ec2-user/Backend/node_modules/core-js/library/modules/_export.js:35:28)
          at /home/ec2-user/Backend/node_modules/babel-runtime/helpers/asyncToGenerator.js:14:12
          at build (/home/ec2-user/Backend/dist/services/CourseSession.js:154:18)
          at Object._callee21$ (/home/ec2-user/Backend/src/services/CourseSession.js:388:35)
          at tryCatch (/home/ec2-user/Backend/node_modules/regenerator-runtime/runtime.js:64:40)
          at GeneratorFunctionPrototype.invoke [as _invoke] (/home/ec2-user/Backend/node_modules/regenerator-runtime/runtime.js:355:22)
          at GeneratorFunctionPrototype.prototype.(anonymous function) [as next] (/home/ec2-user/Backend/node_modules/regenerator-runtime/runtime.js:116:21)
        message: 'Cast to Date failed for value "Invalid Date" at path "lastActiveTime"',
        name: 'CastError',
        stringValue: '"Invalid Date"',
        kind: 'Date',
        value: Invalid Date,
        path: 'lastActiveTime',
        reason: [Object] } },
  message: 'coursesessions validation failed',
  name: 'ValidationError' }
[ERROR] CourseSession Service getMostRecentCourseSession TypeError: Cannot read property 'id' of null
    at Object._callee21$ (/home/ec2-user/Backend/src/services/CourseSession.js:389:38)
    at tryCatch (/home/ec2-user/Backend/node_modules/regenerator-runtime/runtime.js:64:40)
    at GeneratorFunctionPrototype.invoke [as _invoke] (/home/ec2-user/Backend/node_modules/regenerator-runtime/runtime.js:355:22)
    at GeneratorFunctionPrototype.prototype.(anonymous function) [as next] (/home/ec2-user/Backend/node_modules/regenerator-runtime/runtime.js:116:21)
    at step (/home/ec2-user/Backend/node_modules/babel-runtime/helpers/asyncToGenerator.js:17:30)
    at /home/ec2-user/Backend/node_modules/babel-runtime/helpers/asyncToGenerator.js:28:13
    at process._tickDomainCallback (internal/process/next_tick.js:129:7)
ERROR:  undefined
ERROR:  undefined
(node:4170) UnhandledPromiseRejectionWarning: Unhandled promise rejection (rejection id: 7): Error: Can't set headers after they are sent.
[ERROR] CourseSession Service getMostRecentCourseSession TypeError: Cannot read property 'format' of undefined
    at Object._callee21$ (/home/ec2-user/Backend/src/services/CourseSession.js:363:11)
    at tryCatch (/home/ec2-user/Backend/node_modules/regenerator-runtime/runtime.js:64:40)
    at GeneratorFunctionPrototype.invoke [as _invoke] (/home/ec2-user/Backend/node_modules/regenerator-runtime/runtime.js:355:22)
    at GeneratorFunctionPrototype.prototype.(anonymous function) [as next] (/home/ec2-user/Backend/node_modules/regenerator-runtime/runtime.js:116:21)
    at step (/home/ec2-user/Backend/node_modules/babel-runtime/helpers/asyncToGenerator.js:17:30)
    at /home/ec2-user/Backend/node_modules/babel-runtime/helpers/asyncToGenerator.js:28:13
    at process._tickDomainCallback (internal/process/next_tick.js:129:7)
ERROR:  undefined
ERROR:  undefined
(node:4170) UnhandledPromiseRejectionWarning: Unhandled promise rejection (rejection id: 8): Error: Can't set headers after they are sent.
[ERROR] CourseSession Service getMostRecentCourseSession TypeError: Cannot read property 'format' of undefined
    at Object._callee21$ (/home/ec2-user/Backend/src/services/CourseSession.js:363:11)
    at tryCatch (/home/ec2-user/Backend/node_modules/regenerator-runtime/runtime.js:64:40)
    at GeneratorFunctionPrototype.invoke [as _invoke] (/home/ec2-user/Backend/node_modules/regenerator-runtime/runtime.js:355:22)
    at GeneratorFunctionPrototype.prototype.(anonymous function) [as next] (/home/ec2-user/Backend/node_modules/regenerator-runtime/runtime.js:116:21)
    at step (/home/ec2-user/Backend/node_modules/babel-runtime/helpers/asyncToGenerator.js:17:30)
    at /home/ec2-user/Backend/node_modules/babel-runtime/helpers/asyncToGenerator.js:28:13
    at process._tickDomainCallback (internal/process/next_tick.js:129:7)
ERROR:  undefined
ERROR:  undefined
(node:4170) UnhandledPromiseRejectionWarning: Unhandled promise rejection (rejection id: 9): Error: Can't set headers after they are sent.
[ERROR] CourseSession Service getMostRecentCourseSession TypeError: Cannot read property 'format' of undefined
    at Object._callee21$ (/home/ec2-user/Backend/src/services/CourseSession.js:363:11)
    at tryCatch (/home/ec2-user/Backend/node_modules/regenerator-runtime/runtime.js:64:40)
    at GeneratorFunctionPrototype.invoke [as _invoke] (/home/ec2-user/Backend/node_modules/regenerator-runtime/runtime.js:355:22)
    at GeneratorFunctionPrototype.prototype.(anonymous function) [as next] (/home/ec2-user/Backend/node_modules/regenerator-runtime/runtime.js:116:21)
    at step (/home/ec2-user/Backend/node_modules/babel-runtime/helpers/asyncToGenerator.js:17:30)
    at /home/ec2-user/Backend/node_modules/babel-runtime/helpers/asyncToGenerator.js:28:13
    at process._tickDomainCallback (internal/process/next_tick.js:129:7)
ERROR:  undefined
ERROR:  undefined
(node:4170) UnhandledPromiseRejectionWarning: Unhandled promise rejection (rejection id: 10): Error: Can't set headers after they are sent.
Fri, 20 Jan 2017 05:03:28 GMT express-session deprecated undefined resave option; provide resave option at dist/server.js:181:38
Fri, 20 Jan 2017 05:03:28 GMT express-session deprecated undefined saveUninitialized option; provide saveUninitialized option at dist/server.js:181:38
(node:14048) DeprecationWarning: Mongoose: mpromise (mongoose's default promise library) is deprecated, plug in your own promise library instead: http://mongoosejs.com/docs/promises.html
[ERROR] CourseSession Service getMostRecentCourseSession TypeError: Cannot read property 'format' of undefined
    at Object._callee21$ (/home/ec2-user/Backend/src/services/CourseSession.js:363:11)
    at tryCatch (/home/ec2-user/Backend/node_modules/regenerator-runtime/runtime.js:64:40)
    at GeneratorFunctionPrototype.invoke [as _invoke] (/home/ec2-user/Backend/node_modules/regenerator-runtime/runtime.js:355:22)
    at GeneratorFunctionPrototype.prototype.(anonymous function) [as next] (/home/ec2-user/Backend/node_modules/regenerator-runtime/runtime.js:116:21)
    at step (/home/ec2-user/Backend/node_modules/babel-runtime/helpers/asyncToGenerator.js:17:30)
    at /home/ec2-user/Backend/node_modules/babel-runtime/helpers/asyncToGenerator.js:28:13
    at process._tickDomainCallback (internal/process/next_tick.js:129:7)
ERROR:  undefined
ERROR:  undefined
You have triggered an unhandledRejection, you may have forgotten to catch a Promise rejection:
Error: Can't set headers after they are sent.
    at ServerResponse.OutgoingMessage.setHeader (_http_outgoing.js:356:11)
    at ServerResponse.header (/home/ec2-user/Backend/node_modules/express/lib/response.js:719:10)
    at ServerResponse.send (/home/ec2-user/Backend/node_modules/express/lib/response.js:164:12)
    at ServerResponse.json (/home/ec2-user/Backend/node_modules/express/lib/response.js:250:15)
    at ServerResponse.send (/home/ec2-user/Backend/node_modules/express/lib/response.js:152:21)
    at ServerResponse.res.error (/home/ec2-user/Backend/src/server.js:49:9)
    at _callee$ (/home/ec2-user/Backend/src/routers/CourseSession.js:49:9)
    at tryCatch (/home/ec2-user/Backend/node_modules/regenerator-runtime/runtime.js:64:40)
    at GeneratorFunctionPrototype.invoke [as _invoke] (/home/ec2-user/Backend/node_modules/regenerator-runtime/runtime.js:355:22)
    at GeneratorFunctionPrototype.prototype.(anonymous function) [as next] (/home/ec2-user/Backend/node_modules/regenerator-runtime/runtime.js:116:21)
    at step (/home/ec2-user/Backend/node_modules/babel-runtime/helpers/asyncToGenerator.js:17:30)
    at /home/ec2-user/Backend/node_modules/babel-runtime/helpers/asyncToGenerator.js:28:13
    at process._tickDomainCallback (internal/process/next_tick.js:129:7)
[ERROR] CourseSession Service getMostRecentCourseSession TypeError: Cannot read property 'format' of undefined
    at Object._callee21$ (/home/ec2-user/Backend/src/services/CourseSession.js:363:11)
    at tryCatch (/home/ec2-user/Backend/node_modules/regenerator-runtime/runtime.js:64:40)
    at GeneratorFunctionPrototype.invoke [as _invoke] (/home/ec2-user/Backend/node_modules/regenerator-runtime/runtime.js:355:22)
    at GeneratorFunctionPrototype.prototype.(anonymous function) [as next] (/home/ec2-user/Backend/node_modules/regenerator-runtime/runtime.js:116:21)
    at step (/home/ec2-user/Backend/node_modules/babel-runtime/helpers/asyncToGenerator.js:17:30)
    at /home/ec2-user/Backend/node_modules/babel-runtime/helpers/asyncToGenerator.js:28:13
    at process._tickDomainCallback (internal/process/next_tick.js:129:7)
ERROR:  undefined
ERROR:  undefined
(node:14048) UnhandledPromiseRejectionWarning: Unhandled promise rejection (rejection id: 2): Error: Can't set headers after they are sent.
Fri, 20 Jan 2017 05:19:54 GMT express-session deprecated undefined resave option; provide resave option at dist/server.js:181:38
Fri, 20 Jan 2017 05:19:54 GMT express-session deprecated undefined saveUninitialized option; provide saveUninitialized option at dist/server.js:181:38
(node:14783) DeprecationWarning: Mongoose: mpromise (mongoose's default promise library) is deprecated, plug in your own promise library instead: http://mongoosejs.com/docs/promises.html
Fri, 20 Jan 2017 05:28:52 GMT express-session deprecated undefined resave option; provide resave option at dist/server.js:181:38
Fri, 20 Jan 2017 05:28:52 GMT express-session deprecated undefined saveUninitialized option; provide saveUninitialized option at dist/server.js:181:38
(node:15142) DeprecationWarning: Mongoose: mpromise (mongoose's default promise library) is deprecated, plug in your own promise library instead: http://mongoosejs.com/docs/promises.html
[ERROR] in CourseService > enrollStudent: Student Already Enrolled in Course
Error: ENOENT: no such file or directory, stat '/home/ec2-user/Frontend/dist/index.html'
    at Error (native)
Error: ENOENT: no such file or directory, stat '/home/ec2-user/Frontend/dist/index.html'
    at Error (native)
Error: ENOENT: no such file or directory, stat '/home/ec2-user/Frontend/dist/index.html'
    at Error (native)
Error: ENOENT: no such file or directory, stat '/home/ec2-user/Frontend/dist/index.html'
    at Error (native)
Error: ENOENT: no such file or directory, stat '/home/ec2-user/Frontend/dist/index.html'
    at Error (native)
Error: ENOENT: no such file or directory, stat '/home/ec2-user/Frontend/dist/index.html'
    at Error (native)
Error: ENOENT: no such file or directory, stat '/home/ec2-user/Frontend/dist/index.html'
    at Error (native)
Error: ENOENT: no such file or directory, stat '/home/ec2-user/Frontend/dist/index.html'
    at Error (native)
Error: ENOENT: no such file or directory, stat '/home/ec2-user/Frontend/dist/index.html'
    at Error (native)
Error: ENOENT: no such file or directory, stat '/home/ec2-user/Frontend/dist/index.html'
    at Error (native)
[ERROR] CourseSession Service setActiveAssessment TypeError: Cannot read property 'activeAssessmentId' of null
    at Object._callee13$ (/home/ec2-user/Backend/src/services/CourseSession.js:223:29)
    at tryCatch (/home/ec2-user/Backend/node_modules/regenerator-runtime/runtime.js:64:40)
    at GeneratorFunctionPrototype.invoke [as _invoke] (/home/ec2-user/Backend/node_modules/regenerator-runtime/runtime.js:355:22)
    at GeneratorFunctionPrototype.prototype.(anonymous function) [as next] (/home/ec2-user/Backend/node_modules/regenerator-runtime/runtime.js:116:21)
    at step (/home/ec2-user/Backend/node_modules/babel-runtime/helpers/asyncToGenerator.js:17:30)
    at /home/ec2-user/Backend/node_modules/babel-runtime/helpers/asyncToGenerator.js:28:13
    at process._tickDomainCallback (internal/process/next_tick.js:129:7)
[ERROR] CourseSession Service setActiveAssessment TypeError: Cannot read property 'activeAssessmentId' of null
    at _callee13$ (/home/ec2-user/Backend/src/services/CourseSession.js:223:29)
    at tryCatch (/home/ec2-user/Backend/node_modules/regenerator-runtime/runtime.js:64:40)
    at GeneratorFunctionPrototype.invoke [as _invoke] (/home/ec2-user/Backend/node_modules/regenerator-runtime/runtime.js:355:22)
    at GeneratorFunctionPrototype.prototype.(anonymous function) [as next] (/home/ec2-user/Backend/node_modules/regenerator-runtime/runtime.js:116:21)
    at step (/home/ec2-user/Backend/node_modules/babel-runtime/helpers/asyncToGenerator.js:17:30)
    at /home/ec2-user/Backend/node_modules/babel-runtime/helpers/asyncToGenerator.js:28:13
    at process._tickDomainCallback (internal/process/next_tick.js:129:7)
ERROR:  undefined
